20:12:18.163 [main] DEBUG io.netty.util.internal.logging.InternalLoggerFactory - Using Log4J2 as the default logging framework
20:12:18.189 [main] DEBUG io.netty.util.ResourceLeakDetector - -Dio.netty.leakDetection.level: simple
20:12:18.190 [main] DEBUG io.netty.util.ResourceLeakDetector - -Dio.netty.leakDetection.targetRecords: 4
20:12:18.200 [main] DEBUG io.netty.util.ResourceLeakDetectorFactory - Loaded default ResourceLeakDetector: io.netty.util.ResourceLeakDetector@3fd2322d
20:12:18.251 [main] DEBUG io.netty.util.internal.PlatformDependent0 - -Dio.netty.noUnsafe: false
20:12:18.251 [main] DEBUG io.netty.util.internal.PlatformDependent0 - Java version: 11
20:12:18.254 [main] DEBUG io.netty.util.internal.PlatformDependent0 - sun.misc.Unsafe.theUnsafe: available
20:12:18.259 [main] DEBUG io.netty.util.internal.PlatformDependent0 - sun.misc.Unsafe.copyMemory: available
20:12:18.260 [main] DEBUG io.netty.util.internal.PlatformDependent0 - sun.misc.Unsafe.storeFence: available
20:12:18.262 [main] DEBUG io.netty.util.internal.PlatformDependent0 - java.nio.Buffer.address: available
20:12:18.263 [main] DEBUG io.netty.util.internal.PlatformDependent0 - direct buffer constructor: unavailable: Reflective setAccessible(true) disabled
20:12:18.264 [main] DEBUG io.netty.util.internal.PlatformDependent0 - java.nio.Bits.unaligned: available, true
20:12:18.267 [main] DEBUG io.netty.util.internal.PlatformDependent0 - jdk.internal.misc.Unsafe.allocateUninitializedArray(int): unavailable: class io.netty.util.internal.PlatformDependent0$7 cannot access class jdk.internal.misc.Unsafe (in module java.base) because module java.base does not export jdk.internal.misc to unnamed module @64355120
20:12:18.271 [main] DEBUG io.netty.util.internal.PlatformDependent0 - java.nio.DirectByteBuffer.<init>(long, int): unavailable
20:12:18.271 [main] DEBUG io.netty.util.internal.PlatformDependent - sun.misc.Unsafe: available
20:12:18.273 [main] DEBUG io.netty.util.internal.PlatformDependent - maxDirectMemory: 2078277632 bytes (maybe)
20:12:18.273 [main] DEBUG io.netty.util.internal.PlatformDependent - -Dio.netty.tmpdir: C:\Users\Naiks\AppData\Local\Temp (java.io.tmpdir)
20:12:18.274 [main] DEBUG io.netty.util.internal.PlatformDependent - -Dio.netty.bitMode: 64 (sun.arch.data.model)
20:12:18.275 [main] DEBUG io.netty.util.internal.PlatformDependent - Platform: Windows
20:12:18.276 [main] DEBUG io.netty.util.internal.PlatformDependent - -Dio.netty.maxDirectMemory: -1 bytes
20:12:18.276 [main] DEBUG io.netty.util.internal.PlatformDependent - -Dio.netty.uninitializedArrayAllocationThreshold: -1
20:12:18.278 [main] DEBUG io.netty.util.internal.CleanerJava9 - java.nio.ByteBuffer.cleaner(): available
20:12:18.279 [main] DEBUG io.netty.util.internal.PlatformDependent - -Dio.netty.noPreferDirect: false
20:12:18.294 [main] DEBUG io.netty.util.internal.PlatformDependent - org.jctools-core.MpscChunkedArrayQueue: available
20:12:18.345 [main] DEBUG io.netty.util.internal.InternalThreadLocalMap - -Dio.netty.threadLocalMap.stringBuilder.initialSize: 1024
20:12:18.345 [main] DEBUG io.netty.util.internal.InternalThreadLocalMap - -Dio.netty.threadLocalMap.stringBuilder.maxSize: 4096
20:12:18.405 [main] DEBUG io.netty.handler.ssl.JdkSslContext - Default protocols (JDK): [TLSv1.3, TLSv1.2] 
20:12:18.406 [main] DEBUG io.netty.handler.ssl.JdkSslContext - Default cipher suites (JDK): [TLS_ECDHE_ECDSA_WITH_AES_256_GCM_SHA384, TLS_ECDHE_ECDSA_WITH_AES_128_GCM_SHA256, TLS_ECDHE_RSA_WITH_AES_128_GCM_SHA256, TLS_ECDHE_RSA_WITH_AES_256_GCM_SHA384, TLS_ECDHE_RSA_WITH_AES_128_CBC_SHA, TLS_ECDHE_RSA_WITH_AES_256_CBC_SHA, TLS_RSA_WITH_AES_128_GCM_SHA256, TLS_RSA_WITH_AES_128_CBC_SHA, TLS_RSA_WITH_AES_256_CBC_SHA, TLS_AES_128_GCM_SHA256, TLS_AES_256_GCM_SHA384]
20:12:18.477 [main] DEBUG io.netty.channel.MultithreadEventLoopGroup - -Dio.netty.eventLoopThreads: 16
20:12:18.496 [main] DEBUG io.netty.channel.nio.NioEventLoop - -Dio.netty.noKeySetOptimization: false
20:12:18.497 [main] DEBUG io.netty.channel.nio.NioEventLoop - -Dio.netty.selectorAutoRebuildThreshold: 512
20:12:18.612 [main] DEBUG io.netty.buffer.PooledByteBufAllocator - -Dio.netty.allocator.numHeapArenas: 16
20:12:18.612 [main] DEBUG io.netty.buffer.PooledByteBufAllocator - -Dio.netty.allocator.numDirectArenas: 16
20:12:18.613 [main] DEBUG io.netty.buffer.PooledByteBufAllocator - -Dio.netty.allocator.pageSize: 8192
20:12:18.613 [main] DEBUG io.netty.buffer.PooledByteBufAllocator - -Dio.netty.allocator.maxOrder: 9
20:12:18.613 [main] DEBUG io.netty.buffer.PooledByteBufAllocator - -Dio.netty.allocator.chunkSize: 4194304
20:12:18.614 [main] DEBUG io.netty.buffer.PooledByteBufAllocator - -Dio.netty.allocator.smallCacheSize: 256
20:12:18.614 [main] DEBUG io.netty.buffer.PooledByteBufAllocator - -Dio.netty.allocator.normalCacheSize: 64
20:12:18.614 [main] DEBUG io.netty.buffer.PooledByteBufAllocator - -Dio.netty.allocator.maxCachedBufferCapacity: 32768
20:12:18.614 [main] DEBUG io.netty.buffer.PooledByteBufAllocator - -Dio.netty.allocator.cacheTrimInterval: 8192
20:12:18.615 [main] DEBUG io.netty.buffer.PooledByteBufAllocator - -Dio.netty.allocator.cacheTrimIntervalMillis: 0
20:12:18.615 [main] DEBUG io.netty.buffer.PooledByteBufAllocator - -Dio.netty.allocator.useCacheForAllThreads: false
20:12:18.615 [main] DEBUG io.netty.buffer.PooledByteBufAllocator - -Dio.netty.allocator.maxCachedByteBuffersPerChunk: 1023
20:12:18.638 [main] DEBUG io.netty.buffer.ByteBufUtil - -Dio.netty.allocator.type: pooled
20:12:18.638 [main] DEBUG io.netty.buffer.ByteBufUtil - -Dio.netty.threadLocalDirectBufferSize: 0
20:12:18.639 [main] DEBUG io.netty.buffer.ByteBufUtil - -Dio.netty.maxThreadLocalCharBufferSize: 16384
20:12:21.158 [Forwarding newSession on session null to remote] DEBUG io.netty.channel.DefaultChannelId - -Dio.netty.processId: 9420 (auto-detected)
20:12:21.162 [Forwarding newSession on session null to remote] DEBUG io.netty.util.NetUtil - -Djava.net.preferIPv4Stack: false
20:12:21.163 [Forwarding newSession on session null to remote] DEBUG io.netty.util.NetUtil - -Djava.net.preferIPv6Addresses: false
20:12:21.291 [Forwarding newSession on session null to remote] DEBUG io.netty.util.NetUtilInitializations - Loopback interface: lo (Software Loopback Interface 1, 127.0.0.1)
20:12:21.294 [Forwarding newSession on session null to remote] DEBUG io.netty.util.NetUtil - Failed to get SOMAXCONN from sysctl and file \proc\sys\net\core\somaxconn. Default: 200
20:12:21.430 [Forwarding newSession on session null to remote] DEBUG io.netty.channel.DefaultChannelId - -Dio.netty.machineId: cc:6b:1e:ff:fe:5b:4f:4f (auto-detected)
20:12:21.513 [AsyncHttpClient-1-2] DEBUG io.netty.buffer.AbstractByteBuf - -Dio.netty.buffer.checkAccessible: true
20:12:21.513 [AsyncHttpClient-1-2] DEBUG io.netty.buffer.AbstractByteBuf - -Dio.netty.buffer.checkBounds: true
20:12:21.515 [AsyncHttpClient-1-2] DEBUG io.netty.util.ResourceLeakDetectorFactory - Loaded default ResourceLeakDetector: io.netty.util.ResourceLeakDetector@2a1656b0
20:12:21.553 [AsyncHttpClient-1-2] DEBUG io.netty.util.Recycler - -Dio.netty.recycler.maxCapacityPerThread: 4096
20:12:21.553 [AsyncHttpClient-1-2] DEBUG io.netty.util.Recycler - -Dio.netty.recycler.ratio: 8
20:12:21.553 [AsyncHttpClient-1-2] DEBUG io.netty.util.Recycler - -Dio.netty.recycler.chunkSize: 32
20:12:21.553 [AsyncHttpClient-1-2] DEBUG io.netty.util.Recycler - -Dio.netty.recycler.blocking: false
20:12:23.024 [AsyncHttpClient-1-2] DEBUG io.netty.handler.codec.compression.Brotli - brotli4j not in the classpath; Brotli support will be unavailable.
20:12:23.330 [main] DEBUG io.netty.util.internal.ThreadLocalRandom - -Dio.netty.initialSeedUniquifier: 0xceb290f2bffe35c2
11:52:24.830 [main] INFO  testCases.TC_001_AccountRegistrationTest - *** Staring TC_001_AccountRegistrationTest***
11:52:25.177 [main] INFO  testCases.TC_001_AccountRegistrationTest - Clicked on MyAccount link
11:52:26.302 [main] INFO  testCases.TC_001_AccountRegistrationTest - Clicked on register link
11:52:26.306 [main] INFO  testCases.TC_001_AccountRegistrationTest - Providing customer data
11:52:27.131 [main] INFO  testCases.TC_001_AccountRegistrationTest - Clicked on continue
11:52:35.644 [main] INFO  testCases.TC_001_AccountRegistrationTest - Validating expected message
11:57:33.496 [TestNG-tests-1] INFO  testCases.TC_001_AccountRegistrationTest - *** Staring TC_001_AccountRegistrationTest***
11:57:33.926 [TestNG-tests-1] INFO  testCases.TC_001_AccountRegistrationTest - Clicked on MyAccount link
11:57:34.459 [TestNG-tests-1] INFO  testCases.TC_001_AccountRegistrationTest - Clicked on register link
11:57:34.463 [TestNG-tests-1] INFO  testCases.TC_001_AccountRegistrationTest - Providing customer data
11:57:35.440 [TestNG-tests-1] INFO  testCases.TC_001_AccountRegistrationTest - Clicked on continue
11:57:45.461 [TestNG-tests-1] INFO  testCases.TC_001_AccountRegistrationTest - Validating expected message
12:18:40.509 [main] INFO  testCases.TC_001_AccountRegistrationTest - *** Staring TC_001_AccountRegistrationTest***
12:18:40.839 [main] INFO  testCases.TC_001_AccountRegistrationTest - Clicked on MyAccount link
12:18:41.269 [main] INFO  testCases.TC_001_AccountRegistrationTest - Clicked on register link
12:18:41.271 [main] INFO  testCases.TC_001_AccountRegistrationTest - Providing customer data
12:18:42.140 [main] INFO  testCases.TC_001_AccountRegistrationTest - Clicked on continue
12:18:52.179 [main] INFO  testCases.TC_001_AccountRegistrationTest - Validating expected message
12:19:11.678 [main] INFO  testCases.TC_001_AccountRegistrationTest - *** Staring TC_001_AccountRegistrationTest***
12:19:11.983 [main] INFO  testCases.TC_001_AccountRegistrationTest - Clicked on MyAccount link
12:19:12.687 [main] INFO  testCases.TC_001_AccountRegistrationTest - Clicked on register link
12:19:12.689 [main] INFO  testCases.TC_001_AccountRegistrationTest - Providing customer data
12:19:13.544 [main] INFO  testCases.TC_001_AccountRegistrationTest - Clicked on continue
12:19:23.581 [main] INFO  testCases.TC_001_AccountRegistrationTest - Validating expected message
13:58:04.434 [TestNG-tests-1] INFO  testCases.TC_001_AccountRegistrationTest - *** Staring TC_001_AccountRegistrationTest***
13:58:04.887 [TestNG-tests-1] INFO  testCases.TC_001_AccountRegistrationTest - Clicked on MyAccount link
13:58:05.519 [TestNG-tests-1] INFO  testCases.TC_001_AccountRegistrationTest - Clicked on register link
13:58:05.523 [TestNG-tests-1] INFO  testCases.TC_001_AccountRegistrationTest - Providing customer data
13:58:06.486 [TestNG-tests-1] INFO  testCases.TC_001_AccountRegistrationTest - Clicked on continue
13:58:16.517 [TestNG-tests-1] INFO  testCases.TC_001_AccountRegistrationTest - Validating expected message
14:11:20.600 [TestNG-tests-1] INFO  testCases.TC_001_AccountRegistrationTest - *** Staring TC_001_AccountRegistrationTest***
14:11:21.123 [TestNG-tests-1] INFO  testCases.TC_001_AccountRegistrationTest - Clicked on MyAccount link
14:11:21.583 [TestNG-tests-1] INFO  testCases.TC_001_AccountRegistrationTest - Clicked on register link
14:11:21.587 [TestNG-tests-1] INFO  testCases.TC_001_AccountRegistrationTest - Providing customer data
14:11:22.542 [TestNG-tests-1] INFO  testCases.TC_001_AccountRegistrationTest - Clicked on continue
14:11:32.580 [TestNG-tests-1] INFO  testCases.TC_001_AccountRegistrationTest - Validating expected message
14:12:35.485 [TestNG-tests-1] INFO  testCases.TC_001_AccountRegistrationTest - *** Staring TC_001_AccountRegistrationTest***
14:12:35.841 [TestNG-tests-1] INFO  testCases.TC_001_AccountRegistrationTest - Clicked on MyAccount link
14:12:36.335 [TestNG-tests-1] INFO  testCases.TC_001_AccountRegistrationTest - Clicked on register link
14:12:36.339 [TestNG-tests-1] INFO  testCases.TC_001_AccountRegistrationTest - Providing customer data
14:12:37.307 [TestNG-tests-1] INFO  testCases.TC_001_AccountRegistrationTest - Clicked on continue
14:12:47.335 [TestNG-tests-1] INFO  testCases.TC_001_AccountRegistrationTest - Validating expected message
19:18:35.496 [main] INFO  testCases.TC_002_LoginTest - Staring TC_002_LoginTest *******
19:18:35.925 [main] INFO  testCases.TC_002_LoginTest - Clicked on my Account
19:18:36.439 [main] INFO  testCases.TC_002_LoginTest - Clicked on my Login link
19:18:36.449 [main] INFO  testCases.TC_002_LoginTest - Providing Login details on my Account
19:18:37.174 [main] INFO  testCases.TC_002_LoginTest - Clicked on Login button 
19:57:24.094 [main] INFO  testCases.TC_002_LoginTest - Staring TC_002_LoginTest *******
19:57:24.570 [main] INFO  testCases.TC_002_LoginTest - Clicked on my Account
19:57:25.039 [main] INFO  testCases.TC_002_LoginTest - Clicked on my Login link
19:57:25.049 [main] INFO  testCases.TC_002_LoginTest - Providing Login details on my Account
19:57:25.685 [main] INFO  testCases.TC_002_LoginTest - Clicked on Login button 
15:17:35.043 [main] INFO  testCases.Tc_003_LoginDDT - *****Starting Tc_003_LoginDDT ***** 
15:17:46.582 [main] INFO  testCases.Tc_003_LoginDDT - *****Finished Tc_003_LoginDDT ***** 
15:17:46.592 [main] INFO  testCases.Tc_003_LoginDDT - *****Starting Tc_003_LoginDDT ***** 
15:17:58.893 [main] INFO  testCases.Tc_003_LoginDDT - *****Finished Tc_003_LoginDDT ***** 
15:17:58.895 [main] INFO  testCases.Tc_003_LoginDDT - *****Starting Tc_003_LoginDDT ***** 
15:18:11.294 [main] INFO  testCases.Tc_003_LoginDDT - *****Finished Tc_003_LoginDDT ***** 
15:18:11.296 [main] INFO  testCases.Tc_003_LoginDDT - *****Starting Tc_003_LoginDDT ***** 
15:18:23.955 [main] INFO  testCases.Tc_003_LoginDDT - *****Finished Tc_003_LoginDDT ***** 
15:18:23.957 [main] INFO  testCases.Tc_003_LoginDDT - *****Starting Tc_003_LoginDDT ***** 
15:18:36.227 [main] INFO  testCases.Tc_003_LoginDDT - *****Finished Tc_003_LoginDDT ***** 
17:06:58.243 [main] INFO  testCases.TC_001_AccountRegistrationTest - *** Staring TC_001_AccountRegistrationTest***
17:06:58.824 [main] INFO  testCases.TC_001_AccountRegistrationTest - Clicked on MyAccount link
17:06:59.508 [main] INFO  testCases.TC_001_AccountRegistrationTest - Clicked on register link
17:06:59.512 [main] INFO  testCases.TC_001_AccountRegistrationTest - Providing customer data
17:07:00.503 [main] INFO  testCases.TC_001_AccountRegistrationTest - Clicked on continue
17:07:10.580 [main] INFO  testCases.TC_001_AccountRegistrationTest - Validating expected message
17:07:17.301 [main] INFO  testCases.TC_002_LoginTest - Staring TC_002_LoginTest *******
17:07:17.735 [main] INFO  testCases.TC_002_LoginTest - Clicked on my Account
17:07:18.185 [main] INFO  testCases.TC_002_LoginTest - Clicked on my Login link
17:07:18.188 [main] INFO  testCases.TC_002_LoginTest - Providing Login details on my Account
17:07:18.848 [main] INFO  testCases.TC_002_LoginTest - Clicked on Login button 
17:08:37.746 [main] INFO  testCases.TC_002_LoginTest - Staring TC_002_LoginTest *******
17:08:38.128 [main] INFO  testCases.TC_002_LoginTest - Clicked on my Account
17:08:38.578 [main] INFO  testCases.TC_002_LoginTest - Clicked on my Login link
17:08:38.581 [main] INFO  testCases.TC_002_LoginTest - Providing Login details on my Account
17:08:39.242 [main] INFO  testCases.TC_002_LoginTest - Clicked on Login button 
17:09:24.465 [main] INFO  testCases.Tc_003_LoginDDT - *****Starting Tc_003_LoginDDT ***** 
17:09:35.880 [main] INFO  testCases.Tc_003_LoginDDT - *****Finished Tc_003_LoginDDT ***** 
17:09:35.893 [main] INFO  testCases.Tc_003_LoginDDT - *****Starting Tc_003_LoginDDT ***** 
17:09:47.719 [main] INFO  testCases.Tc_003_LoginDDT - *****Finished Tc_003_LoginDDT ***** 
17:09:47.721 [main] INFO  testCases.Tc_003_LoginDDT - *****Starting Tc_003_LoginDDT ***** 
17:09:59.258 [main] INFO  testCases.Tc_003_LoginDDT - *****Finished Tc_003_LoginDDT ***** 
17:09:59.263 [main] INFO  testCases.Tc_003_LoginDDT - *****Starting Tc_003_LoginDDT ***** 
17:10:10.451 [main] INFO  testCases.Tc_003_LoginDDT - *****Finished Tc_003_LoginDDT ***** 
17:10:10.455 [main] INFO  testCases.Tc_003_LoginDDT - *****Starting Tc_003_LoginDDT ***** 
17:10:23.174 [main] INFO  testCases.Tc_003_LoginDDT - *****Finished Tc_003_LoginDDT ***** 
18:47:59.698 [main] INFO  testCases.Tc_003_LoginDDT - *****Starting Tc_003_LoginDDT ***** 
18:48:11.031 [main] INFO  testCases.Tc_003_LoginDDT - *****Finished Tc_003_LoginDDT ***** 
18:48:11.046 [main] INFO  testCases.Tc_003_LoginDDT - *****Starting Tc_003_LoginDDT ***** 
18:48:23.320 [main] INFO  testCases.Tc_003_LoginDDT - *****Finished Tc_003_LoginDDT ***** 
18:48:23.321 [main] INFO  testCases.Tc_003_LoginDDT - *****Starting Tc_003_LoginDDT ***** 
18:48:34.897 [main] INFO  testCases.Tc_003_LoginDDT - *****Finished Tc_003_LoginDDT ***** 
18:48:34.903 [main] INFO  testCases.Tc_003_LoginDDT - *****Starting Tc_003_LoginDDT ***** 
18:48:46.024 [main] INFO  testCases.Tc_003_LoginDDT - *****Finished Tc_003_LoginDDT ***** 
18:48:46.024 [main] INFO  testCases.Tc_003_LoginDDT - *****Starting Tc_003_LoginDDT ***** 
18:48:58.273 [main] INFO  testCases.Tc_003_LoginDDT - *****Finished Tc_003_LoginDDT ***** 
19:19:48.124 [main] INFO  testCases.Tc_003_LoginDDT - *****Starting Tc_003_LoginDDT ***** 
19:19:59.534 [main] INFO  testCases.Tc_003_LoginDDT - *****Finished Tc_003_LoginDDT ***** 
19:19:59.547 [main] INFO  testCases.Tc_003_LoginDDT - *****Starting Tc_003_LoginDDT ***** 
19:20:11.779 [main] INFO  testCases.Tc_003_LoginDDT - *****Finished Tc_003_LoginDDT ***** 
19:20:11.781 [main] INFO  testCases.Tc_003_LoginDDT - *****Starting Tc_003_LoginDDT ***** 
19:20:22.864 [main] INFO  testCases.Tc_003_LoginDDT - *****Finished Tc_003_LoginDDT ***** 
19:20:22.864 [main] INFO  testCases.Tc_003_LoginDDT - *****Starting Tc_003_LoginDDT ***** 
19:20:33.966 [main] INFO  testCases.Tc_003_LoginDDT - *****Finished Tc_003_LoginDDT ***** 
19:20:33.967 [main] INFO  testCases.Tc_003_LoginDDT - *****Starting Tc_003_LoginDDT ***** 
19:20:45.106 [main] INFO  testCases.Tc_003_LoginDDT - *****Finished Tc_003_LoginDDT ***** 
19:56:33.170 [main] INFO  testCases.Tc_003_LoginDDT - *****Starting Tc_003_LoginDDT ***** 
19:56:44.428 [main] INFO  testCases.Tc_003_LoginDDT - *****Finished Tc_003_LoginDDT ***** 
19:56:44.444 [main] INFO  testCases.Tc_003_LoginDDT - *****Starting Tc_003_LoginDDT ***** 
19:56:55.549 [main] INFO  testCases.Tc_003_LoginDDT - *****Finished Tc_003_LoginDDT ***** 
19:56:55.549 [main] INFO  testCases.Tc_003_LoginDDT - *****Starting Tc_003_LoginDDT ***** 
19:57:06.663 [main] INFO  testCases.Tc_003_LoginDDT - *****Finished Tc_003_LoginDDT ***** 
19:57:06.663 [main] INFO  testCases.Tc_003_LoginDDT - *****Starting Tc_003_LoginDDT ***** 
19:57:17.810 [main] INFO  testCases.Tc_003_LoginDDT - *****Finished Tc_003_LoginDDT ***** 
19:57:17.810 [main] INFO  testCases.Tc_003_LoginDDT - *****Starting Tc_003_LoginDDT ***** 
19:57:28.985 [main] INFO  testCases.Tc_003_LoginDDT - *****Finished Tc_003_LoginDDT ***** 
20:52:54.204 [main] INFO  testCases.Tc_003_LoginDDT - *****Starting Tc_003_LoginDDT ***** 
20:53:05.502 [main] INFO  testCases.Tc_003_LoginDDT - *****Finished Tc_003_LoginDDT ***** 
20:53:05.518 [main] INFO  testCases.Tc_003_LoginDDT - *****Starting Tc_003_LoginDDT ***** 
20:53:16.657 [main] INFO  testCases.Tc_003_LoginDDT - *****Finished Tc_003_LoginDDT ***** 
20:53:16.657 [main] INFO  testCases.Tc_003_LoginDDT - *****Starting Tc_003_LoginDDT ***** 
20:53:27.783 [main] INFO  testCases.Tc_003_LoginDDT - *****Finished Tc_003_LoginDDT ***** 
20:53:27.783 [main] INFO  testCases.Tc_003_LoginDDT - *****Starting Tc_003_LoginDDT ***** 
20:53:38.915 [main] INFO  testCases.Tc_003_LoginDDT - *****Finished Tc_003_LoginDDT ***** 
20:53:38.915 [main] INFO  testCases.Tc_003_LoginDDT - *****Starting Tc_003_LoginDDT ***** 
20:53:50.091 [main] INFO  testCases.Tc_003_LoginDDT - *****Finished Tc_003_LoginDDT ***** 
20:55:12.689 [main] INFO  testCases.Tc_003_LoginDDT - *****Starting Tc_003_LoginDDT ***** 
20:55:24.113 [main] INFO  testCases.Tc_003_LoginDDT - *****Finished Tc_003_LoginDDT ***** 
20:55:24.125 [main] INFO  testCases.Tc_003_LoginDDT - *****Starting Tc_003_LoginDDT ***** 
20:55:36.395 [main] INFO  testCases.Tc_003_LoginDDT - *****Finished Tc_003_LoginDDT ***** 
20:55:36.397 [main] INFO  testCases.Tc_003_LoginDDT - *****Starting Tc_003_LoginDDT ***** 
20:55:48.658 [main] INFO  testCases.Tc_003_LoginDDT - *****Finished Tc_003_LoginDDT ***** 
20:55:48.659 [main] INFO  testCases.Tc_003_LoginDDT - *****Starting Tc_003_LoginDDT ***** 
20:56:00.311 [main] INFO  testCases.Tc_003_LoginDDT - *****Finished Tc_003_LoginDDT ***** 
20:56:00.311 [main] INFO  testCases.Tc_003_LoginDDT - *****Starting Tc_003_LoginDDT ***** 
20:56:12.575 [main] INFO  testCases.Tc_003_LoginDDT - *****Finished Tc_003_LoginDDT ***** 
21:01:53.785 [main] INFO  testCases.Tc_003_LoginDDT - *****Starting Tc_003_LoginDDT ***** 
21:02:05.126 [main] INFO  testCases.Tc_003_LoginDDT - *****Finished Tc_003_LoginDDT ***** 
21:02:05.149 [main] INFO  testCases.Tc_003_LoginDDT - *****Starting Tc_003_LoginDDT ***** 
21:02:17.474 [main] INFO  testCases.Tc_003_LoginDDT - *****Finished Tc_003_LoginDDT ***** 
21:02:17.478 [main] INFO  testCases.Tc_003_LoginDDT - *****Starting Tc_003_LoginDDT ***** 
21:02:29.759 [main] INFO  testCases.Tc_003_LoginDDT - *****Finished Tc_003_LoginDDT ***** 
21:02:29.761 [main] INFO  testCases.Tc_003_LoginDDT - *****Starting Tc_003_LoginDDT ***** 
21:02:42.014 [main] INFO  testCases.Tc_003_LoginDDT - *****Finished Tc_003_LoginDDT ***** 
21:02:42.016 [main] INFO  testCases.Tc_003_LoginDDT - *****Starting Tc_003_LoginDDT ***** 
21:02:54.271 [main] INFO  testCases.Tc_003_LoginDDT - *****Finished Tc_003_LoginDDT ***** 
21:04:35.645 [main] INFO  testCases.Tc_003_LoginDDT - *****Starting Tc_003_LoginDDT ***** 
21:04:46.952 [main] INFO  testCases.Tc_003_LoginDDT - *****Finished Tc_003_LoginDDT ***** 
21:04:46.972 [main] INFO  testCases.Tc_003_LoginDDT - *****Starting Tc_003_LoginDDT ***** 
21:04:58.170 [main] INFO  testCases.Tc_003_LoginDDT - *****Finished Tc_003_LoginDDT ***** 
21:04:58.172 [main] INFO  testCases.Tc_003_LoginDDT - *****Starting Tc_003_LoginDDT ***** 
21:05:09.280 [main] INFO  testCases.Tc_003_LoginDDT - *****Finished Tc_003_LoginDDT ***** 
21:05:09.282 [main] INFO  testCases.Tc_003_LoginDDT - *****Starting Tc_003_LoginDDT ***** 
21:05:20.378 [main] INFO  testCases.Tc_003_LoginDDT - *****Finished Tc_003_LoginDDT ***** 
21:05:20.380 [main] INFO  testCases.Tc_003_LoginDDT - *****Starting Tc_003_LoginDDT ***** 
21:05:31.484 [main] INFO  testCases.Tc_003_LoginDDT - *****Finished Tc_003_LoginDDT ***** 
